<?xml version="1.0" encoding="UTF-8"?>
<!-- Generated by org.testng.reporters.JUnitXMLReporter -->
<testsuite ignored="0" hostname="DESKTOP-AOEQFTK" failures="0" tests="3" name="Functional Testing" time="34.366" errors="0" timestamp="2023-04-20T17:25:33 EAT">
  <testcase classname="testcases.NewCustomerTest" name="addNewCustomer" time="11.228"/>
  <testcase classname="utilities.Reporting" name="reporterTest1" time="0.001"/>
  <testcase classname="utilities.Reporting" name="reporterTest2" time="0.001"/>
</testsuite> <!-- Functional Testing -->
