<?xml version="1.0" encoding="UTF-8"?>
<testng-results ignored="0" total="3" passed="3" failed="0" skipped="0">
  <reporter-output>
    <line>
      <![CDATA[Method name is addNewCustomer]]>
    </line>
    <line>
      <![CDATA[Status of execution is 1]]>
    </line>
    <line>
      <![CDATA[Method name is reporterTest1]]>
    </line>
    <line>
      <![CDATA[This is test 1]]>
    </line>
    <line>
      <![CDATA[Status of execution is 1]]>
    </line>
    <line>
      <![CDATA[Method name is reporterTest2]]>
    </line>
    <line>
      <![CDATA[This is test 2]]>
    </line>
    <line>
      <![CDATA[Status of execution is 1]]>
    </line>
  </reporter-output>
  <suite started-at="2023-04-20T19:05:59 EAT" name="Test Suite" finished-at="2023-04-20T19:07:15 EAT" duration-ms="76591">
    <groups>
    </groups>
    <test started-at="2023-04-20T19:05:59 EAT" name="Functional Testing" finished-at="2023-04-20T19:07:15 EAT" duration-ms="76591">
      <class name="utilities.Reporting">
        <test-method signature="reporterTest1()[pri:0, instance:utilities.Reporting@7e07db1f]" started-at="2023-04-20T19:07:15 EAT" name="reporterTest1" finished-at="2023-04-20T19:07:15 EAT" duration-ms="2" status="PASS">
          <reporter-output>
            <line>
              <![CDATA[Method name is reporterTest1]]>
            </line>
            <line>
              <![CDATA[This is test 1]]>
            </line>
            <line>
              <![CDATA[Status of execution is 1]]>
            </line>
          </reporter-output>
        </test-method> <!-- reporterTest1 -->
        <test-method signature="reporterTest2()[pri:0, instance:utilities.Reporting@7e07db1f]" started-at="2023-04-20T19:07:15 EAT" name="reporterTest2" finished-at="2023-04-20T19:07:15 EAT" duration-ms="0" status="PASS">
          <reporter-output>
            <line>
              <![CDATA[Method name is reporterTest2]]>
            </line>
            <line>
              <![CDATA[This is test 2]]>
            </line>
            <line>
              <![CDATA[Status of execution is 1]]>
            </line>
          </reporter-output>
        </test-method> <!-- reporterTest2 -->
      </class> <!-- utilities.Reporting -->
      <class name="testcases.NewCustomerTest">
        <test-method is-config="true" signature="setUp()[pri:0, instance:testcases.NewCustomerTest@694abbdc]" started-at="2023-04-20T19:05:59 EAT" name="setUp" finished-at="2023-04-20T19:06:54 EAT" duration-ms="54983" status="PASS">
          <reporter-output>
          </reporter-output>
        </test-method> <!-- setUp -->
        <test-method signature="addNewCustomer()[pri:0, instance:testcases.NewCustomerTest@694abbdc]" started-at="2023-04-20T19:06:54 EAT" name="addNewCustomer" finished-at="2023-04-20T19:07:14 EAT" duration-ms="19837" status="PASS">
          <reporter-output>
            <line>
              <![CDATA[Method name is addNewCustomer]]>
            </line>
            <line>
              <![CDATA[Status of execution is 1]]>
            </line>
          </reporter-output>
        </test-method> <!-- addNewCustomer -->
        <test-method is-config="true" signature="tearDown()[pri:0, instance:testcases.NewCustomerTest@694abbdc]" started-at="2023-04-20T19:07:14 EAT" name="tearDown" finished-at="2023-04-20T19:07:15 EAT" duration-ms="1698" status="PASS">
          <reporter-output>
          </reporter-output>
        </test-method> <!-- tearDown -->
      </class> <!-- testcases.NewCustomerTest -->
    </test> <!-- Functional Testing -->
  </suite> <!-- Test Suite -->
</testng-results>
