<?xml version="1.0" encoding="UTF-8"?>
<!-- Generated by org.testng.reporters.JUnitXMLReporter -->
<testsuite ignored="0" hostname="DESKTOP-AOEQFTK" failures="0" tests="3" name="Functional Testing" time="76.591" errors="0" timestamp="2023-04-20T19:07:15 EAT">
  <testcase classname="testcases.NewCustomerTest" name="addNewCustomer" time="19.837"/>
  <testcase classname="utilities.Reporting" name="reporterTest1" time="0.002"/>
  <testcase classname="utilities.Reporting" name="reporterTest2" time="0.0"/>
</testsuite> <!-- Functional Testing -->
